<?xml version="1.0" encoding="UTF-8"?>
<!-- Generated by org.testng.reporters.JUnitReportReporter -->
<testsuite hostname="LAPTOP-8PHI0PUN" name="Runners.TestRunner" tests="1" failures="0" timestamp="9 Dec 2020 03:46:51 GMT" time="38.749" errors="0">
  <testcase name="runScenario" time="38.749" classname="Runners.TestRunner"/>
</testsuite> <!-- Runners.TestRunner -->
