<?xml version="1.0" encoding="UTF-8"?>
<!-- Generated by org.testng.reporters.JUnitReportReporter -->
<testsuite hostname="LAPTOP-8PHI0PUN" name="Runners.TestRunner" tests="1" failures="0" timestamp="7 Dec 2020 11:14:33 GMT" time="38.507" errors="0">
  <testcase name="feature" time="38.507" classname="Runners.TestRunner"/>
</testsuite> <!-- Runners.TestRunner -->
